<?xml version="1.0" encoding="UTF-8"?>
<!-- Generated by org.testng.reporters.JUnitReportReporter -->
<testsuite skipped="0" hostname="Home-Lappy" name="com.qa.yt.keyword.test.LoginTest" tests="1" failures="0" timestamp="06 Mar 2019 17:00:28 GMT" time="14.115" errors="0">
  <testcase name="loginTest" time="14.115" classname="com.qa.yt.keyword.test.LoginTest"/>
</testsuite> <!-- com.qa.yt.keyword.test.LoginTest -->
